defaultdict(<class 'list'>, {'visualization': [], 'predictions': [[{'keypoints': [[992.2221069335938, 580.0480346679688], [1075.7298583984375, 486.10186767578125], [903.4951171875, 501.7595520019531], [1185.3336181640625, 548.732666015625], [809.5489501953125, 569.6095581054688], [1461.9530029296875, 1018.4635620117188], [579.9027099609375, 961.052001953125], [1811.6416015625, 1039.3404541015625], [68.41797637939453, 955.832763671875], [47.54104995727539, 183.38641357421875], [42.321815490722656, 204.26333618164062], [757.3566284179688, 919.2981567382812], [731.260498046875, 924.517333984375], [1404.5413818359375, 971.490478515625], [1811.6416015625, 992.3673706054688], [157.14492797851562, 491.32110595703125], [31.883352279663086, 110.3171615600586]], 'keypoint_scores': [0.9254045486450195, 0.9261947870254517, 0.9478867053985596, 0.8819566965103149, 0.882788896560669, 0.7721571922302246, 0.6198408603668213, 0.138430655002594, 0.8532642126083374, 0.14741957187652588, 0.7264516353607178, 0.0494144968688488, 0.07185080647468567, 0.060494523495435715, 0.10722063481807709, 0.14916439354419708, 0.17313939332962036], 'bbox': ([13.09405517578125, 0.0, 1616.4422607421875, 1076.58837890625],), 'bbox_score': 0.84422773}]]})
([7, (4, 2, 6, 3, 5), 8, (9, 1)], [1, (2, 3, 4, 5, 6), 7, (8, 9)])
relaxed pose definition:
([7, 2, 3, 4, 5, 6, 8, 1, 9], [1, 2, 3, 4, 5, 6, 7, 8, 9])
normalized pose:
([9, 4, 2, 6, 3, 5, 8, 7, 1], [1, 2, 3, 4, 5, 6, 7, 8, 9])
relaxed normalized pose:
([9, 2, 3, 4, 5, 6, 8, 1, 7], [1, 2, 3, 4, 5, 6, 7, 8, 9])
defaultdict(<class 'list'>, {'visualization': [], 'predictions': [[{'keypoints': [[997.0383911132812, 575.0149536132812], [1080.54833984375, 491.5050048828125], [913.5284423828125, 501.9437561035156], [1190.1551513671875, 548.9180908203125], [814.3603515625, 564.5762329101562], [1461.5625, 1018.66162109375], [584.7080078125, 961.24853515625], [1811.2603759765625, 1039.5390625], [78.42888641357422, 945.5903930664062], [-187.75909423828125, 178.34268188476562], [47.11265182495117, 199.2201690673828], [762.1666259765625, 919.4935302734375], [730.8504028320312, 929.9323120117188], [1409.3687744140625, 976.9066162109375], [1811.2603759765625, 992.5647583007812], [167.158203125, 486.28564453125], [36.67390823364258, 470.6275329589844]], 'keypoint_scores': [0.9317619800567627, 0.9341813921928406, 0.9420192241668701, 0.875224232673645, 0.8951202630996704, 0.7734318375587463, 0.6181691288948059, 0.14075016975402832, 0.8451498746871948, 0.14277631044387817, 0.6815921068191528, 0.047890033572912216, 0.07762129604816437, 0.04147344455122948, 0.10779569298028946, 0.16885234415531158, 0.1688324213027954], 'bbox': ([12.66485595703125, 0.0, 1616.055908203125, 1076.958740234375],), 'bbox_score': 0.84503955}]]})
([7, (4, 2, 6, 3, 5), 8, (9, 1)], [1, (2, 3, 4, 5, 6), 7, (8, 9)])
relaxed pose definition:
([7, 2, 3, 4, 5, 6, 8, 1, 9], [1, 2, 3, 4, 5, 6, 7, 8, 9])
normalized pose:
([9, 4, 2, 6, 3, 5, 8, 7, 1], [1, 2, 3, 4, 5, 6, 7, 8, 9])
relaxed normalized pose:
([9, 2, 3, 4, 5, 6, 8, 1, 7], [1, 2, 3, 4, 5, 6, 7, 8, 9])
defaultdict(<class 'list'>, {'visualization': [], 'predictions': [[{'keypoints': [[1004.7139892578125, 575.1002807617188], [1088.52099609375, 486.0553894042969], [920.906982421875, 501.7691955566406], [1198.517578125, 543.6726684570312], [821.3861694335938, 564.6244506835938], [1465.65234375, 1020.3248901367188], [585.6790161132812, 962.7075805664062], [1816.5941162109375, 1030.80078125], [77.59918212890625, 941.755859375], [77.59918212890625, 166.541259765625], [67.1233139038086, 182.25506591796875], [769.0068359375, 915.566162109375], [737.5792236328125, 926.0420532226562], [1408.03515625, 983.6593627929688], [1816.5941162109375, 999.3731689453125], [156.16824340820312, 465.1036376953125], [35.69569396972656, 103.68602752685547]], 'keypoint_scores': [0.9386472105979919, 0.9349295496940613, 0.9355309009552002, 0.8728280067443848, 0.8839123249053955, 0.7618283033370972, 0.6131554841995239, 0.13427674770355225, 0.8383688926696777, 0.13608190417289734, 0.7052127122879028, 0.05130893364548683, 0.07785696536302567, 0.03329053893685341, 0.10572776198387146, 0.1427740752696991, 0.1610318273305893], 'bbox': ([11.6011962890625, 0.0, 1620.6953125, 1076.8695068359375],), 'bbox_score': 0.8540104}]]})
([7, (4, 2, 6, 3, 5), 8, (9, 1)], [1, (2, 3, 4, 5, 6), 7, (8, 9)])
relaxed pose definition:
([7, 2, 3, 4, 5, 6, 8, 1, 9], [1, 2, 3, 4, 5, 6, 7, 8, 9])
normalized pose:
([8, 4, 2, 5, 3, 6, 7, 9, 1], [1, 2, 3, 4, 5, 6, 7, 8, 9])
relaxed normalized pose:
([8, 2, 3, 4, 5, 6, 7, 1, 9], [1, 2, 3, 4, 5, 6, 7, 8, 9])
defaultdict(<class 'list'>, {'visualization': [], 'predictions': [[{'keypoints': [[958.2463989257812, 575.838623046875], [1037.7874755859375, 480.3893737792969], [868.099853515625, 512.205810546875], [1154.4476318359375, 533.416748046875], [777.953369140625, 591.746826171875], [1467.30908203125, 978.8465576171875], [602.9630737304688, 973.5438232421875], [1615.78564453125, 1068.9930419921875], [77.99220275878906, 994.7547607421875], [1843.80322265625, 284.18817138671875], [35.57032012939453, 289.49090576171875], [746.136962890625, 925.8192138671875], [751.439697265625, 708.4070434570312], [1424.8870849609375, 947.0301513671875], [1843.80322265625, 962.9383544921875], [194.65240478515625, 506.903076171875], [1843.80322265625, 962.9383544921875]], 'keypoint_scores': [0.8928638696670532, 0.8640994429588318, 0.9205719232559204, 0.8831788301467896, 0.8178691864013672, 0.7778576612472534, 0.6393533945083618, 0.2480585277080536, 0.873807430267334, 0.10195125639438629, 0.645638108253479, 0.04304070398211479, 0.07494131475687027, 0.036491572856903076, 0.036285772919654846, 0.19288897514343262, 0.1563722938299179], 'bbox': ([16.480499267578125, 0.0, 1645.48095703125, 1077.43896484375],), 'bbox_score': 0.8456256}]]})
([7, (4, 2, 6, 3, 5), 8, (9, 1)], [1, (2, 3, 4, 5, 6), 7, (8, 9)])
relaxed pose definition:
([7, 2, 3, 4, 5, 6, 8, 1, 9], [1, 2, 3, 4, 5, 6, 7, 8, 9])
normalized pose:
([7, 3, 2, 5, 4, 6, 8, 9, 1], [1, 2, 3, 4, 5, 6, 7, 8, 9])
relaxed normalized pose:
([7, 2, 3, 4, 5, 6, 8, 1, 9], [1, 2, 3, 4, 5, 6, 7, 8, 9])
You raised your right arm in the right way according to the definition ;-)
defaultdict(<class 'list'>, {'visualization': [], 'predictions': [[{'keypoints': [[916.4429321289062, 595.16259765625], [984.9419555664062, 489.7795104980469], [821.5982055664062, 526.66357421875], [1116.6707763671875, 521.3944091796875], [747.830078125, 600.4317016601562], [1459.165771484375, 958.734130859375], [589.7554931640625, 979.8107299804688], [1664.6627197265625, 1090.4630126953125], [78.64763641357422, 1021.9639892578125], [-163.7333984375, 1021.9639892578125], [10.148649215698242, 326.4357604980469], [895.3663330078125, 484.5103454589844], [700.40771484375, 821.7361450195312], [1401.205078125, 921.8500366210938], [531.7947998046875, 927.1192016601562], [189.2998504638672, 526.66357421875], [-163.7333984375, 1037.771484375]], 'keypoint_scores': [0.9470556974411011, 0.944158673286438, 0.9669304490089417, 0.9261499643325806, 0.7889283895492554, 0.7924563884735107, 0.6879992485046387, 0.39055246114730835, 0.8802952766418457, 0.14654505252838135, 0.6014035940170288, 0.01458720676600933, 0.08316382020711899, 0.06973443925380707, 0.04394077509641647, 0.1411173790693283, 0.16869135200977325], 'bbox': ([38.60211181640625, 145.06118774414062, 1657.285888671875, 1076.87890625],), 'bbox_score': 0.81780803}]]})
Bye!
